loading
simulating landscape
500000
(100, 10, 500)
(100, 10, 500)
[0.09934588 0.102873   0.10652533 0.11030734 0.11422362 0.11827895
 0.12247825 0.12682664 0.13132941 0.13599205 0.14082022 0.14581981
 0.15099691 0.15635781 0.16190904 0.16765735 0.17360975 0.17977348
 0.18615605 0.19276521 0.19960903 0.20669582 0.21403422 0.22163315
 0.22950187 0.23764996 0.24608734 0.25482427 0.26387139 0.27323971
 0.28294064 0.29298598 0.30338797 0.31415927 0.32531298 0.33686268
 0.34882244 0.36120681 0.37403087 0.38731023 0.40106104 0.41530006
 0.43004461 0.44531264 0.46112274 0.47749415 0.4944468  0.51200132
 0.5301791  0.54900224 0.56849367 0.5886771  0.60957712 0.63121916
 0.65362957 0.67683562 0.70086556 0.72574865 0.75151517 0.77819649
 0.80582508 0.83443459 0.86405982 0.89473686 0.92650303 0.959397
 0.99345883 1.02872996 1.06525334 1.10307342 1.14223624 1.18278947
 1.22478248 1.26826638 1.3132941  1.35992046 1.40820222 1.45819814
 1.50996908 1.56357807 1.61909035 1.67657351 1.73609751 1.79773482
 1.86156046 1.92765212 1.99609026 2.06695819 2.14034216 2.21633151
 2.29501874 2.37649963 2.46087337 2.54824266 2.63871385 2.73239708
 2.82940637 2.92985982 3.03387971 3.14159265]
Traceback (most recent call last):
  File "/home/ubuntu/FidelityLandscape/variance/var_shape.py", line 141, in <module>
    result["rs_landscape"][i] / np.pi, result["landscape"][i]
KeyError: 'landscape'
[ 4  5  6  7  8  9 10 11 12 13]
simulating
simulating landscape
100000
(100, 10, 100)
(100, 10, 100)
[0.09934588 0.102873   0.10652533 0.11030734 0.11422362 0.11827895
 0.12247825 0.12682664 0.13132941 0.13599205 0.14082022 0.14581981
 0.15099691 0.15635781 0.16190904 0.16765735 0.17360975 0.17977348
 0.18615605 0.19276521 0.19960903 0.20669582 0.21403422 0.22163315
 0.22950187 0.23764996 0.24608734 0.25482427 0.26387139 0.27323971
 0.28294064 0.29298598 0.30338797 0.31415927 0.32531298 0.33686268
 0.34882244 0.36120681 0.37403087 0.38731023 0.40106104 0.41530006
 0.43004461 0.44531264 0.46112274 0.47749415 0.4944468  0.51200132
 0.5301791  0.54900224 0.56849367 0.5886771  0.60957712 0.63121916
 0.65362957 0.67683562 0.70086556 0.72574865 0.75151517 0.77819649
 0.80582508 0.83443459 0.86405982 0.89473686 0.92650303 0.959397
 0.99345883 1.02872996 1.06525334 1.10307342 1.14223624 1.18278947
 1.22478248 1.26826638 1.3132941  1.35992046 1.40820222 1.45819814
 1.50996908 1.56357807 1.61909035 1.67657351 1.73609751 1.79773482
 1.86156046 1.92765212 1.99609026 2.06695819 2.14034216 2.21633151
 2.29501874 2.37649963 2.46087337 2.54824266 2.63871385 2.73239708
 2.82940637 2.92985982 3.03387971 3.14159265]
[ 16  20  36  42  64  72 100 110 144 156]
